2025-04-22T16:23:37.066 application=explorer [info] tx/per day chart: collect records for transactions per day stats
2025-04-22T16:23:37.066 application=explorer [info] tx/per day chart: earliest date 2025-04-13 00:00:00Z
2025-04-22T16:23:37.066 application=explorer [info] tx/per day chart: latest date 2025-04-13 23:59:59Z
2025-04-22T16:23:37.112 application=explorer [info] tx/per day chart: timestamp cannot be converted to min/max blocks, trying to find min/max blocks through a fallback option}
2025-04-22T16:23:37.118 application=explorer [warning] tx/per day chart: failed to get min/max blocks through a fallback option}
2025-04-22T16:23:37.118 application=explorer [info] tx/per day chart: collect records for transactions per day stats
2025-04-22T16:23:37.118 application=explorer [info] tx/per day chart: earliest date 2025-04-14 00:00:00Z
2025-04-22T16:23:37.118 application=explorer [info] tx/per day chart: latest date 2025-04-14 23:59:59Z
2025-04-22T16:23:37.122 application=explorer [info] SanitizeIncorrectWETHTokenTransfers deletion of duplicates finished, continuing with deletion of not whitelisted weth transfers
2025-04-22T16:23:37.122 application=explorer [info] tx/per day chart: timestamp cannot be converted to min/max blocks, trying to find min/max blocks through a fallback option}
2025-04-22T16:23:37.123 application=explorer [info] SanitizeIncorrectNFTTokenTransfers deletion finished, continuing with blocks re-fetch
2025-04-22T16:23:37.126 application=explorer [warning] tx/per day chart: failed to get min/max blocks through a fallback option}
2025-04-22T16:23:37.126 application=explorer [info] tx/per day chart: collect records for transactions per day stats
2025-04-22T16:23:37.126 application=explorer [info] tx/per day chart: earliest date 2025-04-15 00:00:00Z
2025-04-22T16:23:37.126 application=explorer [info] tx/per day chart: latest date 2025-04-15 23:59:59Z
2025-04-22T16:23:37.128 application=explorer [info] SanitizeIncorrectNFTTokenTransfers migration finished
2025-04-22T16:23:37.129 application=explorer [info] tx/per day chart: timestamp cannot be converted to min/max blocks, trying to find min/max blocks through a fallback option}
2025-04-22T16:23:37.131 application=explorer [warning] tx/per day chart: failed to get min/max blocks through a fallback option}
2025-04-22T16:23:37.131 application=explorer [info] tx/per day chart: collect records for transactions per day stats
2025-04-22T16:23:37.131 application=explorer [info] tx/per day chart: earliest date 2025-04-16 00:00:00Z
2025-04-22T16:23:37.131 application=explorer [info] tx/per day chart: latest date 2025-04-16 23:59:59Z
2025-04-22T16:23:37.133 application=explorer [info] tx/per day chart: timestamp cannot be converted to min/max blocks, trying to find min/max blocks through a fallback option}
2025-04-22T16:23:37.134 application=explorer [warning] tx/per day chart: failed to get min/max blocks through a fallback option}
2025-04-22T16:23:37.134 application=explorer [info] tx/per day chart: collect records for transactions per day stats
2025-04-22T16:23:37.134 application=explorer [info] tx/per day chart: earliest date 2025-04-17 00:00:00Z
2025-04-22T16:23:37.134 application=explorer [info] tx/per day chart: latest date 2025-04-17 23:59:59Z
2025-04-22T16:23:37.137 application=explorer [info] tx/per day chart: timestamp cannot be converted to min/max blocks, trying to find min/max blocks through a fallback option}
2025-04-22T16:23:37.138 application=explorer [warning] tx/per day chart: failed to get min/max blocks through a fallback option}
2025-04-22T16:23:37.138 application=explorer [info] tx/per day chart: collect records for transactions per day stats
2025-04-22T16:23:37.138 application=explorer [info] tx/per day chart: earliest date 2025-04-18 00:00:00Z
2025-04-22T16:23:37.138 application=explorer [info] tx/per day chart: latest date 2025-04-18 23:59:59Z
2025-04-22T16:23:37.141 application=explorer [info] tx/per day chart: timestamp cannot be converted to min/max blocks, trying to find min/max blocks through a fallback option}
2025-04-22T16:23:37.143 application=explorer [warning] tx/per day chart: failed to get min/max blocks through a fallback option}
2025-04-22T16:23:37.143 application=explorer [info] tx/per day chart: collect records for transactions per day stats
2025-04-22T16:23:37.143 application=explorer [info] tx/per day chart: earliest date 2025-04-19 00:00:00Z
2025-04-22T16:23:37.143 application=explorer [info] tx/per day chart: latest date 2025-04-19 23:59:59Z
2025-04-22T16:23:37.146 application=explorer [info] tx/per day chart: timestamp cannot be converted to min/max blocks, trying to find min/max blocks through a fallback option}
2025-04-22T16:23:37.148 application=explorer [warning] tx/per day chart: failed to get min/max blocks through a fallback option}
2025-04-22T16:23:37.148 application=explorer [info] tx/per day chart: collect records for transactions per day stats
2025-04-22T16:23:37.148 application=explorer [info] tx/per day chart: earliest date 2025-04-20 00:00:00Z
2025-04-22T16:23:37.148 application=explorer [info] tx/per day chart: latest date 2025-04-20 23:59:59Z
2025-04-22T16:23:37.150 application=explorer [info] tx/per day chart: timestamp cannot be converted to min/max blocks, trying to find min/max blocks through a fallback option}
2025-04-22T16:23:37.152 application=explorer [warning] tx/per day chart: failed to get min/max blocks through a fallback option}
2025-04-22T16:23:37.152 application=explorer [info] tx/per day chart: collect records for transactions per day stats
2025-04-22T16:23:37.152 application=explorer [info] tx/per day chart: earliest date 2025-04-21 00:00:00Z
2025-04-22T16:23:37.152 application=explorer [info] tx/per day chart: latest date 2025-04-21 23:59:59Z
2025-04-22T16:23:37.154 application=explorer [info] tx/per day chart: timestamp cannot be converted to min/max blocks, trying to find min/max blocks through a fallback option}
2025-04-22T16:23:37.156 application=explorer [warning] tx/per day chart: failed to get min/max blocks through a fallback option}
2025-04-22T16:23:37.156 application=explorer [info] tx/per day chart: collect records for transactions per day stats
2025-04-22T16:23:37.156 application=explorer [info] tx/per day chart: records collected [%{date: ~D[2025-04-21], gas_used: 0, number_of_transactions: 0, total_fee: 0}, %{date: ~D[2025-04-20], gas_used: 0, number_of_transactions: 0, total_fee: 0}, %{date: ~D[2025-04-19], gas_used: 0, number_of_transactions: 0, total_fee: 0}, %{date: ~D[2025-04-18], gas_used: 0, number_of_transactions: 0, total_fee: 0}, %{date: ~D[2025-04-17], gas_used: 0, number_of_transactions: 0, total_fee: 0}, %{date: ~D[2025-04-16], gas_used: 0, number_of_transactions: 0, total_fee: 0}, %{date: ~D[2025-04-15], gas_used: 0, number_of_transactions: 0, total_fee: 0}, %{date: ~D[2025-04-14], gas_used: 0, number_of_transactions: 0, total_fee: 0}, %{date: ~D[2025-04-13], gas_used: 0, number_of_transactions: 0, total_fee: 0}]
2025-04-22T16:23:37.156 application=explorer [info] tx/per day chart: save records
2025-04-22T16:23:37.157 application=explorer [info] tx/per day chart: number of inserted 10
2025-04-22T16:25:58.252 application=explorer [info] tx/per day chart: collect records for transactions per day stats
2025-04-22T16:25:58.252 application=explorer [info] tx/per day chart: earliest date 2025-04-13 00:00:00Z
2025-04-22T16:25:58.252 application=explorer [info] tx/per day chart: latest date 2025-04-13 23:59:59Z
2025-04-22T16:25:58.323 application=explorer [info] tx/per day chart: min/max block numbers [34489, 34488]
2025-04-22T16:25:58.327 application=explorer [info] tx/per day chart: num of transactions 0
2025-04-22T16:25:58.329 application=explorer [info] SanitizeIncorrectWETHTokenTransfers deletion of duplicates finished, continuing with deletion of not whitelisted weth transfers
2025-04-22T16:25:58.330 application=explorer [info] tx/per day chart: total gas used 
2025-04-22T16:25:58.331 application=explorer [info] tx/per day chart: total fee 
2025-04-22T16:25:58.331 application=explorer [info] tx/per day chart: collect records for transactions per day stats
2025-04-22T16:25:58.331 application=explorer [info] tx/per day chart: earliest date 2025-04-14 00:00:00Z
2025-04-22T16:25:58.331 application=explorer [info] tx/per day chart: latest date 2025-04-14 23:59:59Z
2025-04-22T16:25:58.338 application=explorer [info] tx/per day chart: min/max block numbers [34489, 34488]
2025-04-22T16:25:58.342 application=explorer [info] tx/per day chart: num of transactions 0
2025-04-22T16:25:58.346 application=explorer [info] tx/per day chart: total gas used 
2025-04-22T16:25:58.349 application=explorer [info] tx/per day chart: total fee 
2025-04-22T16:25:58.349 application=explorer [info] tx/per day chart: collect records for transactions per day stats
2025-04-22T16:25:58.349 application=explorer [info] tx/per day chart: earliest date 2025-04-15 00:00:00Z
2025-04-22T16:25:58.349 application=explorer [info] tx/per day chart: latest date 2025-04-15 23:59:59Z
2025-04-22T16:25:58.353 application=explorer [info] tx/per day chart: min/max block numbers [34489, 34488]
2025-04-22T16:25:58.358 application=explorer [info] tx/per day chart: num of transactions 0
2025-04-22T16:25:58.362 application=explorer [info] tx/per day chart: total gas used 
2025-04-22T16:25:58.365 application=explorer [info] tx/per day chart: total fee 
2025-04-22T16:25:58.365 application=explorer [info] tx/per day chart: collect records for transactions per day stats
2025-04-22T16:25:58.365 application=explorer [info] tx/per day chart: earliest date 2025-04-16 00:00:00Z
2025-04-22T16:25:58.365 application=explorer [info] tx/per day chart: latest date 2025-04-16 23:59:59Z
2025-04-22T16:25:58.371 application=explorer [info] tx/per day chart: min/max block numbers [34489, 34488]
2025-04-22T16:25:58.374 application=explorer [info] tx/per day chart: num of transactions 0
2025-04-22T16:25:58.378 application=explorer [info] tx/per day chart: total gas used 
2025-04-22T16:25:58.381 application=explorer [info] tx/per day chart: total fee 
2025-04-22T16:25:58.381 application=explorer [info] tx/per day chart: collect records for transactions per day stats
2025-04-22T16:25:58.381 application=explorer [info] tx/per day chart: earliest date 2025-04-17 00:00:00Z
2025-04-22T16:25:58.381 application=explorer [info] tx/per day chart: latest date 2025-04-17 23:59:59Z
2025-04-22T16:25:58.384 application=explorer [info] tx/per day chart: min/max block numbers [34489, 34488]
2025-04-22T16:25:58.387 application=explorer [info] tx/per day chart: num of transactions 0
2025-04-22T16:25:58.388 application=explorer [info] tx/per day chart: total gas used 
2025-04-22T16:25:58.389 application=explorer [info] tx/per day chart: total fee 
2025-04-22T16:25:58.389 application=explorer [info] tx/per day chart: collect records for transactions per day stats
2025-04-22T16:25:58.389 application=explorer [info] tx/per day chart: earliest date 2025-04-18 00:00:00Z
2025-04-22T16:25:58.389 application=explorer [info] tx/per day chart: latest date 2025-04-18 23:59:59Z
2025-04-22T16:25:58.394 application=explorer [info] tx/per day chart: min/max block numbers [34489, 34488]
2025-04-22T16:25:58.394 application=explorer [info] tx/per day chart: num of transactions 0
2025-04-22T16:25:58.399 application=explorer [info] tx/per day chart: total gas used 
2025-04-22T16:25:58.399 application=explorer [info] tx/per day chart: total fee 
2025-04-22T16:25:58.399 application=explorer [info] tx/per day chart: collect records for transactions per day stats
2025-04-22T16:25:58.399 application=explorer [info] tx/per day chart: earliest date 2025-04-19 00:00:00Z
2025-04-22T16:25:58.399 application=explorer [info] tx/per day chart: latest date 2025-04-19 23:59:59Z
2025-04-22T16:25:58.401 application=explorer [info] tx/per day chart: min/max block numbers [34489, 34488]
2025-04-22T16:25:58.402 application=explorer [info] tx/per day chart: num of transactions 0
2025-04-22T16:25:58.405 application=explorer [info] tx/per day chart: total gas used 
2025-04-22T16:25:58.405 application=explorer [info] tx/per day chart: total fee 
2025-04-22T16:25:58.405 application=explorer [info] tx/per day chart: collect records for transactions per day stats
2025-04-22T16:25:58.405 application=explorer [info] tx/per day chart: earliest date 2025-04-20 00:00:00Z
2025-04-22T16:25:58.405 application=explorer [info] tx/per day chart: latest date 2025-04-20 23:59:59Z
2025-04-22T16:25:58.411 application=explorer [info] tx/per day chart: min/max block numbers [34489, 34488]
2025-04-22T16:25:58.412 application=explorer [info] tx/per day chart: num of transactions 0
2025-04-22T16:25:58.412 application=explorer [info] tx/per day chart: total gas used 
2025-04-22T16:25:58.413 application=explorer [info] tx/per day chart: total fee 
2025-04-22T16:25:58.413 application=explorer [info] tx/per day chart: collect records for transactions per day stats
2025-04-22T16:25:58.413 application=explorer [info] tx/per day chart: earliest date 2025-04-21 00:00:00Z
2025-04-22T16:25:58.413 application=explorer [info] tx/per day chart: latest date 2025-04-21 23:59:59Z
2025-04-22T16:25:58.425 application=explorer [info] tx/per day chart: min/max block numbers [34489, 34488]
2025-04-22T16:25:58.427 application=explorer [info] tx/per day chart: num of transactions 0
2025-04-22T16:25:58.428 application=explorer [info] tx/per day chart: total gas used 
2025-04-22T16:25:58.429 application=explorer [info] tx/per day chart: total fee 
2025-04-22T16:25:58.429 application=explorer [info] tx/per day chart: collect records for transactions per day stats
2025-04-22T16:25:58.429 application=explorer [info] tx/per day chart: records collected [%{date: ~D[2025-04-21], gas_used: nil, number_of_transactions: 0, total_fee: nil}, %{date: ~D[2025-04-20], gas_used: nil, number_of_transactions: 0, total_fee: nil}, %{date: ~D[2025-04-19], gas_used: nil, number_of_transactions: 0, total_fee: nil}, %{date: ~D[2025-04-18], gas_used: nil, number_of_transactions: 0, total_fee: nil}, %{date: ~D[2025-04-17], gas_used: nil, number_of_transactions: 0, total_fee: nil}, %{date: ~D[2025-04-16], gas_used: nil, number_of_transactions: 0, total_fee: nil}, %{date: ~D[2025-04-15], gas_used: nil, number_of_transactions: 0, total_fee: nil}, %{date: ~D[2025-04-14], gas_used: nil, number_of_transactions: 0, total_fee: nil}, %{date: ~D[2025-04-13], gas_used: nil, number_of_transactions: 0, total_fee: nil}]
2025-04-22T16:25:58.429 application=explorer [info] tx/per day chart: save records
2025-04-22T16:25:58.437 application=explorer [info] tx/per day chart: number of inserted 10
2025-04-22T16:26:13.249 application=explorer [info] Fetching chain spec path: nil.
2025-04-22T16:26:13.249 application=explorer [info] Fetching precompiled config path: nil.
2025-04-22T16:26:13.249 application=explorer [warning] Genesis data is not fetched. Neither chain spec path or precompiles config path are set.
2025-04-22T16:36:07.048 application=explorer [warning] Failed to get  exchange rates with reason '404: Incorrect path. Please check https://docs.coingecko.com/'.
2025-04-22T16:39:24.862 application=explorer [info] tx/per day chart: collect records for transactions per day stats
2025-04-22T16:39:24.862 application=explorer [info] tx/per day chart: earliest date 2025-04-13 00:00:00Z
2025-04-22T16:39:24.862 application=explorer [info] tx/per day chart: latest date 2025-04-13 23:59:59Z
2025-04-22T16:39:24.979 application=explorer [info] SanitizeIncorrectWETHTokenTransfers deletion of duplicates finished, continuing with deletion of not whitelisted weth transfers
2025-04-22T16:39:25.003 application=explorer [info] tx/per day chart: min/max block numbers [1, 0]
2025-04-22T16:39:25.011 application=explorer [info] tx/per day chart: num of transactions 0
2025-04-22T16:39:25.015 application=explorer [info] tx/per day chart: total gas used 
2025-04-22T16:39:25.017 application=explorer [info] tx/per day chart: total fee 
2025-04-22T16:39:25.017 application=explorer [info] tx/per day chart: collect records for transactions per day stats
2025-04-22T16:39:25.017 application=explorer [info] tx/per day chart: earliest date 2025-04-14 00:00:00Z
2025-04-22T16:39:25.017 application=explorer [info] tx/per day chart: latest date 2025-04-14 23:59:59Z
2025-04-22T16:39:25.022 application=explorer [info] tx/per day chart: min/max block numbers [1, 0]
2025-04-22T16:39:25.026 application=explorer [info] tx/per day chart: num of transactions 0
2025-04-22T16:39:25.031 application=explorer [info] tx/per day chart: total gas used 
2025-04-22T16:39:25.037 application=explorer [info] tx/per day chart: total fee 
2025-04-22T16:39:25.037 application=explorer [info] tx/per day chart: collect records for transactions per day stats
2025-04-22T16:39:25.037 application=explorer [info] tx/per day chart: earliest date 2025-04-15 00:00:00Z
2025-04-22T16:39:25.037 application=explorer [info] tx/per day chart: latest date 2025-04-15 23:59:59Z
2025-04-22T16:39:25.047 application=explorer [info] tx/per day chart: min/max block numbers [1, 0]
2025-04-22T16:39:25.062 application=explorer [info] tx/per day chart: num of transactions 0
2025-04-22T16:39:25.066 application=explorer [info] tx/per day chart: total gas used 
2025-04-22T16:39:25.068 application=explorer [info] tx/per day chart: total fee 
2025-04-22T16:39:25.068 application=explorer [info] tx/per day chart: collect records for transactions per day stats
2025-04-22T16:39:25.068 application=explorer [info] tx/per day chart: earliest date 2025-04-16 00:00:00Z
2025-04-22T16:39:25.068 application=explorer [info] tx/per day chart: latest date 2025-04-16 23:59:59Z
2025-04-22T16:39:25.074 application=explorer [info] tx/per day chart: min/max block numbers [1, 0]
2025-04-22T16:39:25.076 application=explorer [info] tx/per day chart: num of transactions 0
2025-04-22T16:39:25.077 application=explorer [info] tx/per day chart: total gas used 
2025-04-22T16:39:25.080 application=explorer [info] tx/per day chart: total fee 
2025-04-22T16:39:25.080 application=explorer [info] tx/per day chart: collect records for transactions per day stats
2025-04-22T16:39:25.080 application=explorer [info] tx/per day chart: earliest date 2025-04-17 00:00:00Z
2025-04-22T16:39:25.080 application=explorer [info] tx/per day chart: latest date 2025-04-17 23:59:59Z
2025-04-22T16:39:25.086 application=explorer [info] tx/per day chart: min/max block numbers [1, 0]
2025-04-22T16:39:25.089 application=explorer [info] tx/per day chart: num of transactions 0
2025-04-22T16:39:25.092 application=explorer [info] tx/per day chart: total gas used 
2025-04-22T16:39:25.096 application=explorer [info] tx/per day chart: total fee 
2025-04-22T16:39:25.096 application=explorer [info] tx/per day chart: collect records for transactions per day stats
2025-04-22T16:39:25.096 application=explorer [info] tx/per day chart: earliest date 2025-04-18 00:00:00Z
2025-04-22T16:39:25.096 application=explorer [info] tx/per day chart: latest date 2025-04-18 23:59:59Z
2025-04-22T16:39:25.102 application=explorer [info] tx/per day chart: min/max block numbers [1, 0]
2025-04-22T16:39:25.106 application=explorer [info] tx/per day chart: num of transactions 0
2025-04-22T16:39:25.108 application=explorer [info] tx/per day chart: total gas used 
2025-04-22T16:39:25.111 application=explorer [info] tx/per day chart: total fee 
2025-04-22T16:39:25.111 application=explorer [info] tx/per day chart: collect records for transactions per day stats
2025-04-22T16:39:25.111 application=explorer [info] tx/per day chart: earliest date 2025-04-19 00:00:00Z
2025-04-22T16:39:25.111 application=explorer [info] tx/per day chart: latest date 2025-04-19 23:59:59Z
2025-04-22T16:39:25.115 application=explorer [info] tx/per day chart: min/max block numbers [1, 0]
2025-04-22T16:39:25.118 application=explorer [info] tx/per day chart: num of transactions 0
2025-04-22T16:39:25.120 application=explorer [info] tx/per day chart: total gas used 
2025-04-22T16:39:25.122 application=explorer [info] tx/per day chart: total fee 
2025-04-22T16:39:25.122 application=explorer [info] tx/per day chart: collect records for transactions per day stats
2025-04-22T16:39:25.122 application=explorer [info] tx/per day chart: earliest date 2025-04-20 00:00:00Z
2025-04-22T16:39:25.122 application=explorer [info] tx/per day chart: latest date 2025-04-20 23:59:59Z
2025-04-22T16:39:25.128 application=explorer [info] tx/per day chart: min/max block numbers [1, 0]
2025-04-22T16:39:25.139 application=explorer [info] tx/per day chart: num of transactions 0
2025-04-22T16:39:25.144 application=explorer [info] tx/per day chart: total gas used 
2025-04-22T16:39:25.162 application=explorer [info] tx/per day chart: total fee 
2025-04-22T16:39:25.162 application=explorer [info] tx/per day chart: collect records for transactions per day stats
2025-04-22T16:39:25.162 application=explorer [info] tx/per day chart: earliest date 2025-04-21 00:00:00Z
2025-04-22T16:39:25.162 application=explorer [info] tx/per day chart: latest date 2025-04-21 23:59:59Z
2025-04-22T16:39:25.179 application=explorer [info] tx/per day chart: min/max block numbers [1, 17417]
2025-04-22T16:39:25.187 application=explorer [info] tx/per day chart: num of transactions 335
2025-04-22T16:39:25.192 application=explorer [info] tx/per day chart: total gas used 52678296
2025-04-22T16:39:25.197 application=explorer [info] tx/per day chart: total fee 13115279540000000000
2025-04-22T16:39:25.197 application=explorer [info] tx/per day chart: collect records for transactions per day stats
2025-04-22T16:39:25.197 application=explorer [info] tx/per day chart: records collected [%{date: ~D[2025-04-21], gas_used: Decimal.new("52678296"), number_of_transactions: 335, total_fee: Decimal.new("13115279540000000000")}, %{date: ~D[2025-04-20], gas_used: nil, number_of_transactions: 0, total_fee: nil}, %{date: ~D[2025-04-19], gas_used: nil, number_of_transactions: 0, total_fee: nil}, %{date: ~D[2025-04-18], gas_used: nil, number_of_transactions: 0, total_fee: nil}, %{date: ~D[2025-04-17], gas_used: nil, number_of_transactions: 0, total_fee: nil}, %{date: ~D[2025-04-16], gas_used: nil, number_of_transactions: 0, total_fee: nil}, %{date: ~D[2025-04-15], gas_used: nil, number_of_transactions: 0, total_fee: nil}, %{date: ~D[2025-04-14], gas_used: nil, number_of_transactions: 0, total_fee: nil}, %{date: ~D[2025-04-13], gas_used: nil, number_of_transactions: 0, total_fee: nil}]
2025-04-22T16:39:25.197 application=explorer [info] tx/per day chart: save records
2025-04-22T16:39:25.201 application=explorer [info] tx/per day chart: number of inserted 10
2025-04-22T16:39:39.854 application=explorer [info] Fetching chain spec path: nil.
2025-04-22T16:39:39.854 application=explorer [info] Fetching precompiled config path: nil.
2025-04-22T16:39:39.854 application=explorer [warning] Genesis data is not fetched. Neither chain spec path or precompiles config path are set.
2025-04-22T16:40:36.183 application=explorer [info] tx/per day chart: collect records for transactions per day stats
2025-04-22T16:40:36.183 application=explorer [info] tx/per day chart: earliest date 2025-04-13 00:00:00Z
2025-04-22T16:40:36.183 application=explorer [info] tx/per day chart: latest date 2025-04-13 23:59:59Z
2025-04-22T16:40:36.230 application=explorer [info] tx/per day chart: min/max block numbers [1, 0]
2025-04-22T16:40:36.239 application=explorer [info] tx/per day chart: num of transactions 0
2025-04-22T16:40:36.241 application=explorer [info] SanitizeIncorrectWETHTokenTransfers deletion of duplicates finished, continuing with deletion of not whitelisted weth transfers
2025-04-22T16:40:36.243 application=explorer [info] tx/per day chart: total gas used 
2025-04-22T16:40:36.246 application=explorer [info] tx/per day chart: total fee 
2025-04-22T16:40:36.246 application=explorer [info] tx/per day chart: collect records for transactions per day stats
2025-04-22T16:40:36.246 application=explorer [info] tx/per day chart: earliest date 2025-04-14 00:00:00Z
2025-04-22T16:40:36.246 application=explorer [info] tx/per day chart: latest date 2025-04-14 23:59:59Z
2025-04-22T16:40:36.251 application=explorer [info] tx/per day chart: min/max block numbers [1, 0]
2025-04-22T16:40:36.253 application=explorer [info] tx/per day chart: num of transactions 0
2025-04-22T16:40:36.255 application=explorer [info] tx/per day chart: total gas used 
2025-04-22T16:40:36.257 application=explorer [info] tx/per day chart: total fee 
2025-04-22T16:40:36.257 application=explorer [info] tx/per day chart: collect records for transactions per day stats
2025-04-22T16:40:36.257 application=explorer [info] tx/per day chart: earliest date 2025-04-15 00:00:00Z
2025-04-22T16:40:36.257 application=explorer [info] tx/per day chart: latest date 2025-04-15 23:59:59Z
2025-04-22T16:40:36.261 application=explorer [info] tx/per day chart: min/max block numbers [1, 0]
2025-04-22T16:40:36.263 application=explorer [info] tx/per day chart: num of transactions 0
2025-04-22T16:40:36.265 application=explorer [info] tx/per day chart: total gas used 
2025-04-22T16:40:36.266 application=explorer [info] tx/per day chart: total fee 
2025-04-22T16:40:36.266 application=explorer [info] tx/per day chart: collect records for transactions per day stats
2025-04-22T16:40:36.266 application=explorer [info] tx/per day chart: earliest date 2025-04-16 00:00:00Z
2025-04-22T16:40:36.266 application=explorer [info] tx/per day chart: latest date 2025-04-16 23:59:59Z
2025-04-22T16:40:36.270 application=explorer [info] tx/per day chart: min/max block numbers [1, 0]
2025-04-22T16:40:36.272 application=explorer [info] tx/per day chart: num of transactions 0
2025-04-22T16:40:36.274 application=explorer [info] tx/per day chart: total gas used 
2025-04-22T16:40:36.277 application=explorer [info] tx/per day chart: total fee 
2025-04-22T16:40:36.277 application=explorer [info] tx/per day chart: collect records for transactions per day stats
2025-04-22T16:40:36.277 application=explorer [info] tx/per day chart: earliest date 2025-04-17 00:00:00Z
2025-04-22T16:40:36.277 application=explorer [info] tx/per day chart: latest date 2025-04-17 23:59:59Z
2025-04-22T16:40:36.282 application=explorer [info] tx/per day chart: min/max block numbers [1, 0]
2025-04-22T16:40:36.284 application=explorer [info] tx/per day chart: num of transactions 0
2025-04-22T16:40:36.286 application=explorer [info] tx/per day chart: total gas used 
2025-04-22T16:40:36.288 application=explorer [info] tx/per day chart: total fee 
2025-04-22T16:40:36.288 application=explorer [info] tx/per day chart: collect records for transactions per day stats
2025-04-22T16:40:36.288 application=explorer [info] tx/per day chart: earliest date 2025-04-18 00:00:00Z
2025-04-22T16:40:36.288 application=explorer [info] tx/per day chart: latest date 2025-04-18 23:59:59Z
2025-04-22T16:40:36.293 application=explorer [info] tx/per day chart: min/max block numbers [1, 0]
2025-04-22T16:40:36.295 application=explorer [info] tx/per day chart: num of transactions 0
2025-04-22T16:40:36.297 application=explorer [info] tx/per day chart: total gas used 
2025-04-22T16:40:36.300 application=explorer [info] tx/per day chart: total fee 
2025-04-22T16:40:36.300 application=explorer [info] tx/per day chart: collect records for transactions per day stats
2025-04-22T16:40:36.300 application=explorer [info] tx/per day chart: earliest date 2025-04-19 00:00:00Z
2025-04-22T16:40:36.300 application=explorer [info] tx/per day chart: latest date 2025-04-19 23:59:59Z
2025-04-22T16:40:36.304 application=explorer [info] tx/per day chart: min/max block numbers [1, 0]
2025-04-22T16:40:36.306 application=explorer [info] tx/per day chart: num of transactions 0
2025-04-22T16:40:36.309 application=explorer [info] tx/per day chart: total gas used 
2025-04-22T16:40:36.311 application=explorer [info] tx/per day chart: total fee 
2025-04-22T16:40:36.311 application=explorer [info] tx/per day chart: collect records for transactions per day stats
2025-04-22T16:40:36.311 application=explorer [info] tx/per day chart: earliest date 2025-04-20 00:00:00Z
2025-04-22T16:40:36.311 application=explorer [info] tx/per day chart: latest date 2025-04-20 23:59:59Z
2025-04-22T16:40:36.313 application=explorer [info] tx/per day chart: min/max block numbers [1, 0]
2025-04-22T16:40:36.315 application=explorer [info] tx/per day chart: num of transactions 0
2025-04-22T16:40:36.321 application=explorer [info] tx/per day chart: total gas used 
2025-04-22T16:40:36.324 application=explorer [info] tx/per day chart: total fee 
2025-04-22T16:40:36.324 application=explorer [info] tx/per day chart: collect records for transactions per day stats
2025-04-22T16:40:36.324 application=explorer [info] tx/per day chart: earliest date 2025-04-21 00:00:00Z
2025-04-22T16:40:36.324 application=explorer [info] tx/per day chart: latest date 2025-04-21 23:59:59Z
2025-04-22T16:40:36.330 application=explorer [info] tx/per day chart: min/max block numbers [1, 17417]
2025-04-22T16:40:36.332 application=explorer [info] tx/per day chart: num of transactions 335
2025-04-22T16:40:36.335 application=explorer [info] tx/per day chart: total gas used 52678296
2025-04-22T16:40:36.337 application=explorer [info] tx/per day chart: total fee 13115279540000000000
2025-04-22T16:40:36.337 application=explorer [info] tx/per day chart: collect records for transactions per day stats
2025-04-22T16:40:36.337 application=explorer [info] tx/per day chart: records collected [%{date: ~D[2025-04-21], gas_used: Decimal.new("52678296"), number_of_transactions: 335, total_fee: Decimal.new("13115279540000000000")}, %{date: ~D[2025-04-20], gas_used: nil, number_of_transactions: 0, total_fee: nil}, %{date: ~D[2025-04-19], gas_used: nil, number_of_transactions: 0, total_fee: nil}, %{date: ~D[2025-04-18], gas_used: nil, number_of_transactions: 0, total_fee: nil}, %{date: ~D[2025-04-17], gas_used: nil, number_of_transactions: 0, total_fee: nil}, %{date: ~D[2025-04-16], gas_used: nil, number_of_transactions: 0, total_fee: nil}, %{date: ~D[2025-04-15], gas_used: nil, number_of_transactions: 0, total_fee: nil}, %{date: ~D[2025-04-14], gas_used: nil, number_of_transactions: 0, total_fee: nil}, %{date: ~D[2025-04-13], gas_used: nil, number_of_transactions: 0, total_fee: nil}]
2025-04-22T16:40:36.337 application=explorer [info] tx/per day chart: save records
2025-04-22T16:40:36.338 application=explorer [info] tx/per day chart: number of inserted 10
2025-04-22T16:40:51.175 application=explorer [info] Fetching chain spec path: nil.
2025-04-22T16:40:51.175 application=explorer [info] Fetching precompiled config path: nil.
2025-04-22T16:40:51.175 application=explorer [warning] Genesis data is not fetched. Neither chain spec path or precompiles config path are set.
2025-04-22T16:44:04.911 application=explorer [info] tx/per day chart: collect records for transactions per day stats
2025-04-22T16:44:04.912 application=explorer [info] tx/per day chart: earliest date 2025-04-13 00:00:00Z
2025-04-22T16:44:04.912 application=explorer [info] tx/per day chart: latest date 2025-04-13 23:59:59Z
2025-04-22T16:44:04.966 application=explorer [info] tx/per day chart: min/max block numbers [1, 0]
2025-04-22T16:44:04.973 application=explorer [info] tx/per day chart: num of transactions 0
2025-04-22T16:44:04.974 application=explorer [info] SanitizeIncorrectWETHTokenTransfers deletion of duplicates finished, continuing with deletion of not whitelisted weth transfers
2025-04-22T16:44:04.976 application=explorer [info] tx/per day chart: total gas used 
2025-04-22T16:44:04.979 application=explorer [info] tx/per day chart: total fee 
2025-04-22T16:44:04.979 application=explorer [info] tx/per day chart: collect records for transactions per day stats
2025-04-22T16:44:04.979 application=explorer [info] tx/per day chart: earliest date 2025-04-14 00:00:00Z
2025-04-22T16:44:04.979 application=explorer [info] tx/per day chart: latest date 2025-04-14 23:59:59Z
2025-04-22T16:44:04.984 application=explorer [info] tx/per day chart: min/max block numbers [1, 0]
2025-04-22T16:44:04.988 application=explorer [info] tx/per day chart: num of transactions 0
2025-04-22T16:44:04.990 application=explorer [info] tx/per day chart: total gas used 
2025-04-22T16:44:04.992 application=explorer [info] tx/per day chart: total fee 
2025-04-22T16:44:04.992 application=explorer [info] tx/per day chart: collect records for transactions per day stats
2025-04-22T16:44:04.992 application=explorer [info] tx/per day chart: earliest date 2025-04-15 00:00:00Z
2025-04-22T16:44:04.992 application=explorer [info] tx/per day chart: latest date 2025-04-15 23:59:59Z
2025-04-22T16:44:05.002 application=explorer [info] tx/per day chart: min/max block numbers [1, 0]
2025-04-22T16:44:05.004 application=explorer [info] tx/per day chart: num of transactions 0
2025-04-22T16:44:05.005 application=explorer [info] tx/per day chart: total gas used 
2025-04-22T16:44:05.008 application=explorer [info] tx/per day chart: total fee 
2025-04-22T16:44:05.008 application=explorer [info] tx/per day chart: collect records for transactions per day stats
2025-04-22T16:44:05.008 application=explorer [info] tx/per day chart: earliest date 2025-04-16 00:00:00Z
2025-04-22T16:44:05.008 application=explorer [info] tx/per day chart: latest date 2025-04-16 23:59:59Z
2025-04-22T16:44:05.016 application=explorer [info] tx/per day chart: min/max block numbers [1, 0]
2025-04-22T16:44:05.021 application=explorer [info] tx/per day chart: num of transactions 0
2025-04-22T16:44:05.023 application=explorer [info] tx/per day chart: total gas used 
2025-04-22T16:44:05.028 application=explorer [info] tx/per day chart: total fee 
2025-04-22T16:44:05.028 application=explorer [info] tx/per day chart: collect records for transactions per day stats
2025-04-22T16:44:05.028 application=explorer [info] tx/per day chart: earliest date 2025-04-17 00:00:00Z
2025-04-22T16:44:05.028 application=explorer [info] tx/per day chart: latest date 2025-04-17 23:59:59Z
2025-04-22T16:44:05.035 application=explorer [info] tx/per day chart: min/max block numbers [1, 0]
2025-04-22T16:44:05.039 application=explorer [info] tx/per day chart: num of transactions 0
2025-04-22T16:44:05.042 application=explorer [info] tx/per day chart: total gas used 
2025-04-22T16:44:05.044 application=explorer [info] tx/per day chart: total fee 
2025-04-22T16:44:05.044 application=explorer [info] tx/per day chart: collect records for transactions per day stats
2025-04-22T16:44:05.044 application=explorer [info] tx/per day chart: earliest date 2025-04-18 00:00:00Z
2025-04-22T16:44:05.044 application=explorer [info] tx/per day chart: latest date 2025-04-18 23:59:59Z
2025-04-22T16:44:05.050 application=explorer [info] tx/per day chart: min/max block numbers [1, 0]
2025-04-22T16:44:05.054 application=explorer [info] tx/per day chart: num of transactions 0
2025-04-22T16:44:05.058 application=explorer [info] tx/per day chart: total gas used 
2025-04-22T16:44:05.061 application=explorer [info] tx/per day chart: total fee 
2025-04-22T16:44:05.061 application=explorer [info] tx/per day chart: collect records for transactions per day stats
2025-04-22T16:44:05.061 application=explorer [info] tx/per day chart: earliest date 2025-04-19 00:00:00Z
2025-04-22T16:44:05.061 application=explorer [info] tx/per day chart: latest date 2025-04-19 23:59:59Z
2025-04-22T16:44:05.067 application=explorer [info] tx/per day chart: min/max block numbers [1, 0]
2025-04-22T16:44:05.072 application=explorer [info] tx/per day chart: num of transactions 0
2025-04-22T16:44:05.080 application=explorer [info] tx/per day chart: total gas used 
2025-04-22T16:44:05.083 application=explorer [info] tx/per day chart: total fee 
2025-04-22T16:44:05.083 application=explorer [info] tx/per day chart: collect records for transactions per day stats
2025-04-22T16:44:05.083 application=explorer [info] tx/per day chart: earliest date 2025-04-20 00:00:00Z
2025-04-22T16:44:05.083 application=explorer [info] tx/per day chart: latest date 2025-04-20 23:59:59Z
2025-04-22T16:44:05.089 application=explorer [info] tx/per day chart: min/max block numbers [1, 0]
2025-04-22T16:44:05.092 application=explorer [info] tx/per day chart: num of transactions 0
2025-04-22T16:44:05.096 application=explorer [info] tx/per day chart: total gas used 
2025-04-22T16:44:05.099 application=explorer [info] tx/per day chart: total fee 
2025-04-22T16:44:05.099 application=explorer [info] tx/per day chart: collect records for transactions per day stats
2025-04-22T16:44:05.099 application=explorer [info] tx/per day chart: earliest date 2025-04-21 00:00:00Z
2025-04-22T16:44:05.099 application=explorer [info] tx/per day chart: latest date 2025-04-21 23:59:59Z
2025-04-22T16:44:05.109 application=explorer [info] tx/per day chart: min/max block numbers [1, 17417]
2025-04-22T16:44:05.112 application=explorer [info] tx/per day chart: num of transactions 335
2025-04-22T16:44:05.115 application=explorer [info] tx/per day chart: total gas used 52678296
2025-04-22T16:44:05.118 application=explorer [info] tx/per day chart: total fee 13115279540000000000
2025-04-22T16:44:05.118 application=explorer [info] tx/per day chart: collect records for transactions per day stats
2025-04-22T16:44:05.118 application=explorer [info] tx/per day chart: records collected [%{date: ~D[2025-04-21], gas_used: Decimal.new("52678296"), number_of_transactions: 335, total_fee: Decimal.new("13115279540000000000")}, %{date: ~D[2025-04-20], gas_used: nil, number_of_transactions: 0, total_fee: nil}, %{date: ~D[2025-04-19], gas_used: nil, number_of_transactions: 0, total_fee: nil}, %{date: ~D[2025-04-18], gas_used: nil, number_of_transactions: 0, total_fee: nil}, %{date: ~D[2025-04-17], gas_used: nil, number_of_transactions: 0, total_fee: nil}, %{date: ~D[2025-04-16], gas_used: nil, number_of_transactions: 0, total_fee: nil}, %{date: ~D[2025-04-15], gas_used: nil, number_of_transactions: 0, total_fee: nil}, %{date: ~D[2025-04-14], gas_used: nil, number_of_transactions: 0, total_fee: nil}, %{date: ~D[2025-04-13], gas_used: nil, number_of_transactions: 0, total_fee: nil}]
2025-04-22T16:44:05.118 application=explorer [info] tx/per day chart: save records
2025-04-22T16:44:05.120 application=explorer [info] tx/per day chart: number of inserted 10
2025-04-22T16:44:19.910 application=explorer [info] Fetching chain spec path: nil.
2025-04-22T16:44:19.910 application=explorer [info] Fetching precompiled config path: nil.
2025-04-22T16:44:19.910 application=explorer [warning] Genesis data is not fetched. Neither chain spec path or precompiles config path are set.
2025-04-22T16:44:55.098 application=explorer [info] tx/per day chart: collect records for transactions per day stats
2025-04-22T16:44:55.098 application=explorer [info] tx/per day chart: earliest date 2025-04-13 00:00:00Z
2025-04-22T16:44:55.098 application=explorer [info] tx/per day chart: latest date 2025-04-13 23:59:59Z
2025-04-22T16:44:55.163 application=explorer [info] tx/per day chart: min/max block numbers [1, 0]
2025-04-22T16:44:55.167 application=explorer [info] tx/per day chart: num of transactions 0
2025-04-22T16:44:55.170 application=explorer [info] tx/per day chart: total gas used 
2025-04-22T16:44:55.174 application=explorer [info] tx/per day chart: total fee 
2025-04-22T16:44:55.174 application=explorer [info] tx/per day chart: collect records for transactions per day stats
2025-04-22T16:44:55.174 application=explorer [info] tx/per day chart: earliest date 2025-04-14 00:00:00Z
2025-04-22T16:44:55.174 application=explorer [info] tx/per day chart: latest date 2025-04-14 23:59:59Z
2025-04-22T16:44:55.178 application=explorer [info] SanitizeIncorrectWETHTokenTransfers deletion of duplicates finished, continuing with deletion of not whitelisted weth transfers
2025-04-22T16:44:55.181 application=explorer [info] tx/per day chart: min/max block numbers [1, 0]
2025-04-22T16:44:55.183 application=explorer [info] tx/per day chart: num of transactions 0
2025-04-22T16:44:55.186 application=explorer [info] tx/per day chart: total gas used 
2025-04-22T16:44:55.188 application=explorer [info] tx/per day chart: total fee 
2025-04-22T16:44:55.188 application=explorer [info] tx/per day chart: collect records for transactions per day stats
2025-04-22T16:44:55.188 application=explorer [info] tx/per day chart: earliest date 2025-04-15 00:00:00Z
2025-04-22T16:44:55.188 application=explorer [info] tx/per day chart: latest date 2025-04-15 23:59:59Z
2025-04-22T16:44:55.192 application=explorer [info] tx/per day chart: min/max block numbers [1, 0]
2025-04-22T16:44:55.194 application=explorer [info] tx/per day chart: num of transactions 0
2025-04-22T16:44:55.197 application=explorer [info] tx/per day chart: total gas used 
2025-04-22T16:44:55.199 application=explorer [info] tx/per day chart: total fee 
2025-04-22T16:44:55.199 application=explorer [info] tx/per day chart: collect records for transactions per day stats
2025-04-22T16:44:55.199 application=explorer [info] tx/per day chart: earliest date 2025-04-16 00:00:00Z
2025-04-22T16:44:55.199 application=explorer [info] tx/per day chart: latest date 2025-04-16 23:59:59Z
2025-04-22T16:44:55.204 application=explorer [info] tx/per day chart: min/max block numbers [1, 0]
2025-04-22T16:44:55.207 application=explorer [info] tx/per day chart: num of transactions 0
2025-04-22T16:44:55.209 application=explorer [info] tx/per day chart: total gas used 
2025-04-22T16:44:55.211 application=explorer [info] tx/per day chart: total fee 
2025-04-22T16:44:55.211 application=explorer [info] tx/per day chart: collect records for transactions per day stats
2025-04-22T16:44:55.211 application=explorer [info] tx/per day chart: earliest date 2025-04-17 00:00:00Z
2025-04-22T16:44:55.211 application=explorer [info] tx/per day chart: latest date 2025-04-17 23:59:59Z
2025-04-22T16:44:55.216 application=explorer [info] tx/per day chart: min/max block numbers [1, 0]
2025-04-22T16:44:55.218 application=explorer [info] tx/per day chart: num of transactions 0
2025-04-22T16:44:55.221 application=explorer [info] tx/per day chart: total gas used 
2025-04-22T16:44:55.223 application=explorer [info] tx/per day chart: total fee 
2025-04-22T16:44:55.223 application=explorer [info] tx/per day chart: collect records for transactions per day stats
2025-04-22T16:44:55.223 application=explorer [info] tx/per day chart: earliest date 2025-04-18 00:00:00Z
2025-04-22T16:44:55.223 application=explorer [info] tx/per day chart: latest date 2025-04-18 23:59:59Z
2025-04-22T16:44:55.228 application=explorer [info] tx/per day chart: min/max block numbers [1, 0]
2025-04-22T16:44:55.230 application=explorer [info] tx/per day chart: num of transactions 0
2025-04-22T16:44:55.232 application=explorer [info] tx/per day chart: total gas used 
2025-04-22T16:44:55.233 application=explorer [info] tx/per day chart: total fee 
2025-04-22T16:44:55.233 application=explorer [info] tx/per day chart: collect records for transactions per day stats
2025-04-22T16:44:55.233 application=explorer [info] tx/per day chart: earliest date 2025-04-19 00:00:00Z
2025-04-22T16:44:55.233 application=explorer [info] tx/per day chart: latest date 2025-04-19 23:59:59Z
2025-04-22T16:44:55.237 application=explorer [info] tx/per day chart: min/max block numbers [1, 0]
2025-04-22T16:44:55.240 application=explorer [info] tx/per day chart: num of transactions 0
2025-04-22T16:44:55.242 application=explorer [info] tx/per day chart: total gas used 
2025-04-22T16:44:55.244 application=explorer [info] tx/per day chart: total fee 
2025-04-22T16:44:55.244 application=explorer [info] tx/per day chart: collect records for transactions per day stats
2025-04-22T16:44:55.244 application=explorer [info] tx/per day chart: earliest date 2025-04-20 00:00:00Z
2025-04-22T16:44:55.244 application=explorer [info] tx/per day chart: latest date 2025-04-20 23:59:59Z
2025-04-22T16:44:55.249 application=explorer [info] tx/per day chart: min/max block numbers [1, 0]
2025-04-22T16:44:55.251 application=explorer [info] tx/per day chart: num of transactions 0
2025-04-22T16:44:55.254 application=explorer [info] tx/per day chart: total gas used 
2025-04-22T16:44:55.256 application=explorer [info] tx/per day chart: total fee 
2025-04-22T16:44:55.256 application=explorer [info] tx/per day chart: collect records for transactions per day stats
2025-04-22T16:44:55.256 application=explorer [info] tx/per day chart: earliest date 2025-04-21 00:00:00Z
2025-04-22T16:44:55.256 application=explorer [info] tx/per day chart: latest date 2025-04-21 23:59:59Z
2025-04-22T16:44:55.261 application=explorer [info] tx/per day chart: min/max block numbers [1, 17417]
2025-04-22T16:44:55.263 application=explorer [info] tx/per day chart: num of transactions 335
2025-04-22T16:44:55.265 application=explorer [info] tx/per day chart: total gas used 52678296
2025-04-22T16:44:55.266 application=explorer [info] tx/per day chart: total fee 13115279540000000000
2025-04-22T16:44:55.266 application=explorer [info] tx/per day chart: collect records for transactions per day stats
2025-04-22T16:44:55.266 application=explorer [info] tx/per day chart: records collected [%{date: ~D[2025-04-21], gas_used: Decimal.new("52678296"), number_of_transactions: 335, total_fee: Decimal.new("13115279540000000000")}, %{date: ~D[2025-04-20], gas_used: nil, number_of_transactions: 0, total_fee: nil}, %{date: ~D[2025-04-19], gas_used: nil, number_of_transactions: 0, total_fee: nil}, %{date: ~D[2025-04-18], gas_used: nil, number_of_transactions: 0, total_fee: nil}, %{date: ~D[2025-04-17], gas_used: nil, number_of_transactions: 0, total_fee: nil}, %{date: ~D[2025-04-16], gas_used: nil, number_of_transactions: 0, total_fee: nil}, %{date: ~D[2025-04-15], gas_used: nil, number_of_transactions: 0, total_fee: nil}, %{date: ~D[2025-04-14], gas_used: nil, number_of_transactions: 0, total_fee: nil}, %{date: ~D[2025-04-13], gas_used: nil, number_of_transactions: 0, total_fee: nil}]
2025-04-22T16:44:55.266 application=explorer [info] tx/per day chart: save records
2025-04-22T16:44:55.267 application=explorer [info] tx/per day chart: number of inserted 10
2025-04-22T16:45:01.288 application=explorer [warning] Failed to get  exchange rates with reason '404: Incorrect path. Please check https://docs.coingecko.com/'.
2025-04-22T16:45:02.152 application=explorer [warning] Failed to fetch market cap history. Trying again.
2025-04-22T16:45:08.327 application=explorer [warning] Failed to fetch market cap history. Trying again.
2025-04-22T16:45:08.703 application=explorer [warning] Failed to fetch market cap history. Trying again.
2025-04-22T16:45:10.094 application=explorer [info] Fetching chain spec path: nil.
2025-04-22T16:45:10.094 application=explorer [info] Fetching precompiled config path: nil.
2025-04-22T16:45:10.094 application=explorer [warning] Genesis data is not fetched. Neither chain spec path or precompiles config path are set.
2025-04-22T16:45:51.550 application=explorer [info] tx/per day chart: collect records for transactions per day stats
2025-04-22T16:45:51.550 application=explorer [info] tx/per day chart: earliest date 2025-04-13 00:00:00Z
2025-04-22T16:45:51.550 application=explorer [info] tx/per day chart: latest date 2025-04-13 23:59:59Z
2025-04-22T16:45:51.595 application=explorer [info] tx/per day chart: min/max block numbers [1, 0]
2025-04-22T16:45:51.607 application=explorer [info] tx/per day chart: num of transactions 0
2025-04-22T16:45:51.609 application=explorer [info] SanitizeIncorrectWETHTokenTransfers deletion of duplicates finished, continuing with deletion of not whitelisted weth transfers
2025-04-22T16:45:51.617 application=explorer [info] tx/per day chart: total gas used 
2025-04-22T16:45:51.623 application=explorer [info] tx/per day chart: total fee 
2025-04-22T16:45:51.623 application=explorer [info] tx/per day chart: collect records for transactions per day stats
2025-04-22T16:45:51.623 application=explorer [info] tx/per day chart: earliest date 2025-04-14 00:00:00Z
2025-04-22T16:45:51.623 application=explorer [info] tx/per day chart: latest date 2025-04-14 23:59:59Z
2025-04-22T16:45:51.626 application=explorer [info] tx/per day chart: min/max block numbers [1, 0]
2025-04-22T16:45:51.629 application=explorer [info] tx/per day chart: num of transactions 0
2025-04-22T16:45:51.631 application=explorer [info] tx/per day chart: total gas used 
2025-04-22T16:45:51.634 application=explorer [info] tx/per day chart: total fee 
2025-04-22T16:45:51.634 application=explorer [info] tx/per day chart: collect records for transactions per day stats
2025-04-22T16:45:51.634 application=explorer [info] tx/per day chart: earliest date 2025-04-15 00:00:00Z
2025-04-22T16:45:51.634 application=explorer [info] tx/per day chart: latest date 2025-04-15 23:59:59Z
2025-04-22T16:45:51.638 application=explorer [info] tx/per day chart: min/max block numbers [1, 0]
2025-04-22T16:45:51.641 application=explorer [info] tx/per day chart: num of transactions 0
2025-04-22T16:45:51.641 application=explorer [info] tx/per day chart: total gas used 
2025-04-22T16:45:51.643 application=explorer [info] tx/per day chart: total fee 
2025-04-22T16:45:51.643 application=explorer [info] tx/per day chart: collect records for transactions per day stats
2025-04-22T16:45:51.643 application=explorer [info] tx/per day chart: earliest date 2025-04-16 00:00:00Z
2025-04-22T16:45:51.643 application=explorer [info] tx/per day chart: latest date 2025-04-16 23:59:59Z
2025-04-22T16:45:51.648 application=explorer [info] tx/per day chart: min/max block numbers [1, 0]
2025-04-22T16:45:51.650 application=explorer [info] tx/per day chart: num of transactions 0
2025-04-22T16:45:51.652 application=explorer [info] tx/per day chart: total gas used 
2025-04-22T16:45:51.655 application=explorer [info] tx/per day chart: total fee 
2025-04-22T16:45:51.655 application=explorer [info] tx/per day chart: collect records for transactions per day stats
2025-04-22T16:45:51.655 application=explorer [info] tx/per day chart: earliest date 2025-04-17 00:00:00Z
2025-04-22T16:45:51.655 application=explorer [info] tx/per day chart: latest date 2025-04-17 23:59:59Z
2025-04-22T16:45:51.659 application=explorer [info] tx/per day chart: min/max block numbers [1, 0]
2025-04-22T16:45:51.660 application=explorer [info] tx/per day chart: num of transactions 0
2025-04-22T16:45:51.662 application=explorer [info] tx/per day chart: total gas used 
2025-04-22T16:45:51.664 application=explorer [info] tx/per day chart: total fee 
2025-04-22T16:45:51.664 application=explorer [info] tx/per day chart: collect records for transactions per day stats
2025-04-22T16:45:51.664 application=explorer [info] tx/per day chart: earliest date 2025-04-18 00:00:00Z
2025-04-22T16:45:51.664 application=explorer [info] tx/per day chart: latest date 2025-04-18 23:59:59Z
2025-04-22T16:45:51.667 application=explorer [info] tx/per day chart: min/max block numbers [1, 0]
2025-04-22T16:45:51.669 application=explorer [info] tx/per day chart: num of transactions 0
2025-04-22T16:45:51.672 application=explorer [info] tx/per day chart: total gas used 
2025-04-22T16:45:51.674 application=explorer [info] tx/per day chart: total fee 
2025-04-22T16:45:51.674 application=explorer [info] tx/per day chart: collect records for transactions per day stats
2025-04-22T16:45:51.674 application=explorer [info] tx/per day chart: earliest date 2025-04-19 00:00:00Z
2025-04-22T16:45:51.674 application=explorer [info] tx/per day chart: latest date 2025-04-19 23:59:59Z
2025-04-22T16:45:51.679 application=explorer [info] tx/per day chart: min/max block numbers [1, 0]
2025-04-22T16:45:51.681 application=explorer [info] tx/per day chart: num of transactions 0
2025-04-22T16:45:51.683 application=explorer [info] tx/per day chart: total gas used 
2025-04-22T16:45:51.686 application=explorer [info] tx/per day chart: total fee 
2025-04-22T16:45:51.686 application=explorer [info] tx/per day chart: collect records for transactions per day stats
2025-04-22T16:45:51.686 application=explorer [info] tx/per day chart: earliest date 2025-04-20 00:00:00Z
2025-04-22T16:45:51.686 application=explorer [info] tx/per day chart: latest date 2025-04-20 23:59:59Z
2025-04-22T16:45:51.691 application=explorer [info] tx/per day chart: min/max block numbers [1, 0]
2025-04-22T16:45:51.693 application=explorer [info] tx/per day chart: num of transactions 0
2025-04-22T16:45:51.695 application=explorer [info] tx/per day chart: total gas used 
2025-04-22T16:45:51.697 application=explorer [info] tx/per day chart: total fee 
2025-04-22T16:45:51.697 application=explorer [info] tx/per day chart: collect records for transactions per day stats
2025-04-22T16:45:51.697 application=explorer [info] tx/per day chart: earliest date 2025-04-21 00:00:00Z
2025-04-22T16:45:51.697 application=explorer [info] tx/per day chart: latest date 2025-04-21 23:59:59Z
2025-04-22T16:45:51.700 application=explorer [info] tx/per day chart: min/max block numbers [1, 17417]
2025-04-22T16:45:51.703 application=explorer [info] tx/per day chart: num of transactions 335
2025-04-22T16:45:51.705 application=explorer [info] tx/per day chart: total gas used 52678296
2025-04-22T16:45:51.707 application=explorer [info] tx/per day chart: total fee 13115279540000000000
2025-04-22T16:45:51.707 application=explorer [info] tx/per day chart: collect records for transactions per day stats
2025-04-22T16:45:51.707 application=explorer [info] tx/per day chart: records collected [%{date: ~D[2025-04-21], gas_used: Decimal.new("52678296"), number_of_transactions: 335, total_fee: Decimal.new("13115279540000000000")}, %{date: ~D[2025-04-20], gas_used: nil, number_of_transactions: 0, total_fee: nil}, %{date: ~D[2025-04-19], gas_used: nil, number_of_transactions: 0, total_fee: nil}, %{date: ~D[2025-04-18], gas_used: nil, number_of_transactions: 0, total_fee: nil}, %{date: ~D[2025-04-17], gas_used: nil, number_of_transactions: 0, total_fee: nil}, %{date: ~D[2025-04-16], gas_used: nil, number_of_transactions: 0, total_fee: nil}, %{date: ~D[2025-04-15], gas_used: nil, number_of_transactions: 0, total_fee: nil}, %{date: ~D[2025-04-14], gas_used: nil, number_of_transactions: 0, total_fee: nil}, %{date: ~D[2025-04-13], gas_used: nil, number_of_transactions: 0, total_fee: nil}]
2025-04-22T16:45:51.707 application=explorer [info] tx/per day chart: save records
2025-04-22T16:45:51.708 application=explorer [info] tx/per day chart: number of inserted 10
2025-04-22T16:45:51.933 application=explorer [warning] Failed to get  exchange rates with reason '429: '.
2025-04-22T16:45:52.810 application=explorer [warning] Failed to fetch market cap history. Trying again.
2025-04-22T16:45:53.068 application=explorer [warning] Failed to fetch market cap history. Trying again.
2025-04-22T16:45:53.447 application=explorer [warning] Failed to fetch market cap history. Trying again.
2025-04-22T16:46:06.548 application=explorer [info] Fetching chain spec path: nil.
2025-04-22T16:46:06.548 application=explorer [info] Fetching precompiled config path: nil.
2025-04-22T16:46:06.548 application=explorer [warning] Genesis data is not fetched. Neither chain spec path or precompiles config path are set.
2025-04-22T16:55:58.109 application=explorer [warning] Failed to get  exchange rates with reason '404: Incorrect path. Please check https://docs.coingecko.com/'.
2025-04-22T16:59:20.058 application=explorer [info] Time consumed for validations counter task for 0x17aaa3c40c8ab03c7416f4bde2abc73a962792db is 1ms
2025-04-22T16:59:20.058 application=explorer [info] Time consumed for transactions_from_count_task for 0x17aaa3c40c8ab03c7416f4bde2abc73a962792db is 1ms
2025-04-22T16:59:20.063 application=explorer [info] Time consumed for token_transfers counter task for 0x17aaa3c40c8ab03c7416f4bde2abc73a962792db is 7ms
2025-04-22T16:59:20.063 application=explorer [info] Time consumed for transactions_to_count_task for 0x17aaa3c40c8ab03c7416f4bde2abc73a962792db is 7ms
2025-04-22T16:59:20.065 application=explorer [info] Time consumed for transactions_created_contract_count_task for 0x17aaa3c40c8ab03c7416f4bde2abc73a962792db is 9ms
2025-04-22T16:59:20.065 application=explorer [info] Time consumed for withdrawals counter task for 0x17aaa3c40c8ab03c7416f4bde2abc73a962792db is 9ms
2025-04-22T16:59:20.065 application=explorer [info] Time consumed for token_balances counter task for 0x17aaa3c40c8ab03c7416f4bde2abc73a962792db is 9ms
2025-04-22T16:59:20.070 application=explorer [info] Time consumed for logs counter task for 0x17aaa3c40c8ab03c7416f4bde2abc73a962792db is 14ms
2025-04-22T16:59:20.070 application=explorer [info] Time consumed for internal_transactions counter task for 0x17aaa3c40c8ab03c7416f4bde2abc73a962792db is 14ms
2025-04-22T17:11:03.186 application=explorer [info] tx/per day chart: collect records for transactions per day stats
2025-04-22T17:11:03.186 application=explorer [info] tx/per day chart: earliest date 2025-04-13 00:00:00Z
2025-04-22T17:11:03.186 application=explorer [info] tx/per day chart: latest date 2025-04-13 23:59:59Z
2025-04-22T17:11:03.265 application=explorer [info] tx/per day chart: min/max block numbers [1, 0]
2025-04-22T17:11:03.269 application=explorer [info] tx/per day chart: num of transactions 0
2025-04-22T17:11:03.277 application=explorer [info] tx/per day chart: total gas used 
2025-04-22T17:11:03.281 application=explorer [info] tx/per day chart: total fee 
2025-04-22T17:11:03.281 application=explorer [info] tx/per day chart: collect records for transactions per day stats
2025-04-22T17:11:03.281 application=explorer [info] tx/per day chart: earliest date 2025-04-14 00:00:00Z
2025-04-22T17:11:03.281 application=explorer [info] tx/per day chart: latest date 2025-04-14 23:59:59Z
2025-04-22T17:11:03.284 application=explorer [info] SanitizeIncorrectWETHTokenTransfers deletion of duplicates finished, continuing with deletion of not whitelisted weth transfers
2025-04-22T17:11:03.290 application=explorer [info] tx/per day chart: min/max block numbers [1, 0]
2025-04-22T17:11:03.292 application=explorer [info] tx/per day chart: num of transactions 0
2025-04-22T17:11:03.293 application=explorer [info] tx/per day chart: total gas used 
2025-04-22T17:11:03.295 application=explorer [info] tx/per day chart: total fee 
2025-04-22T17:11:03.295 application=explorer [info] tx/per day chart: collect records for transactions per day stats
2025-04-22T17:11:03.295 application=explorer [info] tx/per day chart: earliest date 2025-04-15 00:00:00Z
2025-04-22T17:11:03.295 application=explorer [info] tx/per day chart: latest date 2025-04-15 23:59:59Z
2025-04-22T17:11:03.299 application=explorer [info] tx/per day chart: min/max block numbers [1, 0]
2025-04-22T17:11:03.301 application=explorer [info] tx/per day chart: num of transactions 0
2025-04-22T17:11:03.302 application=explorer [info] tx/per day chart: total gas used 
2025-04-22T17:11:03.305 application=explorer [info] tx/per day chart: total fee 
2025-04-22T17:11:03.305 application=explorer [info] tx/per day chart: collect records for transactions per day stats
2025-04-22T17:11:03.305 application=explorer [info] tx/per day chart: earliest date 2025-04-16 00:00:00Z
2025-04-22T17:11:03.305 application=explorer [info] tx/per day chart: latest date 2025-04-16 23:59:59Z
2025-04-22T17:11:03.310 application=explorer [info] tx/per day chart: min/max block numbers [1, 0]
2025-04-22T17:11:03.312 application=explorer [info] tx/per day chart: num of transactions 0
2025-04-22T17:11:03.314 application=explorer [info] tx/per day chart: total gas used 
2025-04-22T17:11:03.317 application=explorer [info] tx/per day chart: total fee 
2025-04-22T17:11:03.317 application=explorer [info] tx/per day chart: collect records for transactions per day stats
2025-04-22T17:11:03.317 application=explorer [info] tx/per day chart: earliest date 2025-04-17 00:00:00Z
2025-04-22T17:11:03.317 application=explorer [info] tx/per day chart: latest date 2025-04-17 23:59:59Z
2025-04-22T17:11:03.322 application=explorer [info] tx/per day chart: min/max block numbers [1, 0]
2025-04-22T17:11:03.324 application=explorer [info] tx/per day chart: num of transactions 0
2025-04-22T17:11:03.326 application=explorer [info] tx/per day chart: total gas used 
2025-04-22T17:11:03.329 application=explorer [info] tx/per day chart: total fee 
2025-04-22T17:11:03.329 application=explorer [info] tx/per day chart: collect records for transactions per day stats
2025-04-22T17:11:03.329 application=explorer [info] tx/per day chart: earliest date 2025-04-18 00:00:00Z
2025-04-22T17:11:03.329 application=explorer [info] tx/per day chart: latest date 2025-04-18 23:59:59Z
2025-04-22T17:11:03.333 application=explorer [info] tx/per day chart: min/max block numbers [1, 0]
2025-04-22T17:11:03.335 application=explorer [info] tx/per day chart: num of transactions 0
2025-04-22T17:11:03.336 application=explorer [info] tx/per day chart: total gas used 
2025-04-22T17:11:03.338 application=explorer [info] tx/per day chart: total fee 
2025-04-22T17:11:03.338 application=explorer [info] tx/per day chart: collect records for transactions per day stats
2025-04-22T17:11:03.338 application=explorer [info] tx/per day chart: earliest date 2025-04-19 00:00:00Z
2025-04-22T17:11:03.338 application=explorer [info] tx/per day chart: latest date 2025-04-19 23:59:59Z
2025-04-22T17:11:03.339 application=explorer [info] tx/per day chart: min/max block numbers [1, 0]
2025-04-22T17:11:03.341 application=explorer [info] tx/per day chart: num of transactions 0
2025-04-22T17:11:03.344 application=explorer [info] tx/per day chart: total gas used 
2025-04-22T17:11:03.346 application=explorer [info] tx/per day chart: total fee 
2025-04-22T17:11:03.346 application=explorer [info] tx/per day chart: collect records for transactions per day stats
2025-04-22T17:11:03.346 application=explorer [info] tx/per day chart: earliest date 2025-04-20 00:00:00Z
2025-04-22T17:11:03.346 application=explorer [info] tx/per day chart: latest date 2025-04-20 23:59:59Z
2025-04-22T17:11:03.349 application=explorer [info] tx/per day chart: min/max block numbers [1, 0]
2025-04-22T17:11:03.351 application=explorer [info] tx/per day chart: num of transactions 0
2025-04-22T17:11:03.354 application=explorer [info] tx/per day chart: total gas used 
2025-04-22T17:11:03.356 application=explorer [info] tx/per day chart: total fee 
2025-04-22T17:11:03.356 application=explorer [info] tx/per day chart: collect records for transactions per day stats
2025-04-22T17:11:03.356 application=explorer [info] tx/per day chart: earliest date 2025-04-21 00:00:00Z
2025-04-22T17:11:03.356 application=explorer [info] tx/per day chart: latest date 2025-04-21 23:59:59Z
2025-04-22T17:11:03.361 application=explorer [info] tx/per day chart: min/max block numbers [1, 17417]
2025-04-22T17:11:03.362 application=explorer [info] tx/per day chart: num of transactions 335
2025-04-22T17:11:03.364 application=explorer [info] tx/per day chart: total gas used 52678296
2025-04-22T17:11:03.365 application=explorer [info] tx/per day chart: total fee 13115279540000000000
2025-04-22T17:11:03.365 application=explorer [info] tx/per day chart: collect records for transactions per day stats
2025-04-22T17:11:03.365 application=explorer [info] tx/per day chart: records collected [%{date: ~D[2025-04-21], gas_used: Decimal.new("52678296"), number_of_transactions: 335, total_fee: Decimal.new("13115279540000000000")}, %{date: ~D[2025-04-20], gas_used: nil, number_of_transactions: 0, total_fee: nil}, %{date: ~D[2025-04-19], gas_used: nil, number_of_transactions: 0, total_fee: nil}, %{date: ~D[2025-04-18], gas_used: nil, number_of_transactions: 0, total_fee: nil}, %{date: ~D[2025-04-17], gas_used: nil, number_of_transactions: 0, total_fee: nil}, %{date: ~D[2025-04-16], gas_used: nil, number_of_transactions: 0, total_fee: nil}, %{date: ~D[2025-04-15], gas_used: nil, number_of_transactions: 0, total_fee: nil}, %{date: ~D[2025-04-14], gas_used: nil, number_of_transactions: 0, total_fee: nil}, %{date: ~D[2025-04-13], gas_used: nil, number_of_transactions: 0, total_fee: nil}]
2025-04-22T17:11:03.365 application=explorer [info] tx/per day chart: save records
2025-04-22T17:11:03.367 application=explorer [info] tx/per day chart: number of inserted 10
2025-04-22T17:11:18.183 application=explorer [info] Fetching chain spec path: nil.
2025-04-22T17:11:18.183 application=explorer [info] Fetching precompiled config path: nil.
2025-04-22T17:11:18.183 application=explorer [warning] Genesis data is not fetched. Neither chain spec path or precompiles config path are set.
2025-04-22T17:21:14.874 application=explorer [warning] Failed to get  exchange rates with reason '404: Incorrect path. Please check https://docs.coingecko.com/'.
2025-04-22T17:31:21.091 application=explorer [warning] Failed to get  exchange rates with reason '404: Incorrect path. Please check https://docs.coingecko.com/'.
